<?xml version="1.0" encoding="UTF-8"?>
<testng-results ignored="0" total="1" passed="1" failed="0" skipped="0">
  <reporter-output>
    <line>
      <![CDATA[openBrowser]]>
    </line>
    <line>
      <![CDATA[login]]>
    </line>
    <line>
      <![CDATA[CreateCustomer]]>
    </line>
    <line>
      <![CDATA[logout]]>
    </line>
    <line>
      <![CDATA[closeBrowser]]>
    </line>
  </reporter-output>
  <suite started-at="2022-06-28T15:58:05 IST" name="Default suite" finished-at="2022-06-28T15:58:55 IST" duration-ms="50257">
    <groups>
    </groups>
    <test started-at="2022-06-28T15:58:05 IST" name="Default test" finished-at="2022-06-28T15:58:55 IST" duration-ms="50257">
      <class name="com.actitime.testscript.CustomerModule">
        <test-method is-config="true" signature="openBrowser()[pri:0, instance:com.actitime.testscript.CustomerModule@3d74bf60]" started-at="2022-06-28T15:58:05 IST" name="openBrowser" finished-at="2022-06-28T15:58:07 IST" duration-ms="2254" status="PASS">
          <reporter-output>
            <line>
              <![CDATA[openBrowser]]>
            </line>
          </reporter-output>
        </test-method> <!-- openBrowser -->
        <test-method is-config="true" signature="login()[pri:0, instance:com.actitime.testscript.CustomerModule@3d74bf60]" started-at="2022-06-28T15:58:07 IST" name="login" finished-at="2022-06-28T15:58:39 IST" duration-ms="31609" status="PASS">
          <reporter-output>
            <line>
              <![CDATA[login]]>
            </line>
          </reporter-output>
        </test-method> <!-- login -->
        <test-method signature="testCreateCustomer()[pri:0, instance:com.actitime.testscript.CustomerModule@3d74bf60]" started-at="2022-06-28T15:58:39 IST" name="testCreateCustomer" finished-at="2022-06-28T15:58:51 IST" duration-ms="12514" status="PASS">
          <reporter-output>
            <line>
              <![CDATA[CreateCustomer]]>
            </line>
          </reporter-output>
        </test-method> <!-- testCreateCustomer -->
        <test-method is-config="true" signature="logout()[pri:0, instance:com.actitime.testscript.CustomerModule@3d74bf60]" started-at="2022-06-28T15:58:51 IST" name="logout" finished-at="2022-06-28T15:58:55 IST" duration-ms="3705" status="PASS">
          <reporter-output>
            <line>
              <![CDATA[logout]]>
            </line>
          </reporter-output>
        </test-method> <!-- logout -->
        <test-method is-config="true" signature="closeBrowser()[pri:0, instance:com.actitime.testscript.CustomerModule@3d74bf60]" started-at="2022-06-28T15:58:55 IST" name="closeBrowser" finished-at="2022-06-28T15:58:55 IST" duration-ms="148" status="PASS">
          <reporter-output>
            <line>
              <![CDATA[closeBrowser]]>
            </line>
          </reporter-output>
        </test-method> <!-- closeBrowser -->
      </class> <!-- com.actitime.testscript.CustomerModule -->
    </test> <!-- Default test -->
  </suite> <!-- Default suite -->
</testng-results>
